<?xml version="1.0" encoding="UTF-8"?>
<!-- Generated by org.testng.reporters.JUnitXMLReporter -->
<testsuite ignored="0" hostname="LAPTOP-KQ6KACL0" failures="0" tests="4" name="Surefire test" time="9.902" errors="0" timestamp="2022-02-26T19:28:00 EST">
  <testcase classname="cucumber.api.testng.AbstractTestNGCucumberTests" name="feature" time="2.101"/>
  <testcase classname="cucumber.api.testng.AbstractTestNGCucumberTests" name="feature" time="2.47"/>
  <testcase classname="cucumber.api.testng.AbstractTestNGCucumberTests" name="feature" time="1.908"/>
  <testcase classname="cucumber.api.testng.AbstractTestNGCucumberTests" name="feature" time="1.529"/>
</testsuite> <!-- Surefire test -->
