<?xml version="1.0" encoding="UTF-8"?>
<testng-results ignored="0" total="4" passed="4" failed="0" skipped="0">
  <reporter-output>
  </reporter-output>
  <suite started-at="2021-12-19T20:22:53 EST" name="Surefire suite" finished-at="2021-12-19T20:23:14 EST" duration-ms="21415">
    <groups>
      <group name="cucumber">
        <method signature="AbstractTestNGCucumberTests.feature(cucumber.api.testng.CucumberFeatureWrapper)[pri:0, instance:com.TestRunner.RunTest@41d477ed]" name="feature" class="cucumber.api.testng.AbstractTestNGCucumberTests"/>
      </group> <!-- cucumber -->
    </groups>
    <test started-at="2021-12-19T20:22:53 EST" name="Surefire test" finished-at="2021-12-19T20:23:14 EST" duration-ms="21415">
      <class name="com.TestRunner.RunTest">
        <test-method is-config="true" signature="lauchURL()[pri:0, instance:com.TestRunner.RunTest@41d477ed]" started-at="2021-12-19T20:22:53 EST" name="lauchURL" finished-at="2021-12-19T20:22:54 EST" duration-ms="1703" status="PASS">
          <reporter-output>
          </reporter-output>
        </test-method> <!-- lauchURL -->
        <test-method is-config="true" signature="setUpClass()[pri:0, instance:com.TestRunner.RunTest@41d477ed]" started-at="2021-12-19T20:22:54 EST" name="setUpClass" finished-at="2021-12-19T20:22:54 EST" duration-ms="123" status="PASS">
          <reporter-output>
          </reporter-output>
        </test-method> <!-- setUpClass -->
        <test-method signature="feature(cucumber.api.testng.CucumberFeatureWrapper)[pri:0, instance:com.TestRunner.RunTest@41d477ed]" started-at="2021-12-19T20:22:54 EST" name="feature" description="Runs Cucumber Feature" data-provider="features" finished-at="2021-12-19T20:22:57 EST" duration-ms="2551" status="PASS">
          <params>
            <param index="0">
              <value>
                <![CDATA[Contact Us]]>
              </value>
            </param>
          </params>
          <reporter-output>
          </reporter-output>
        </test-method> <!-- feature -->
        <test-method signature="feature(cucumber.api.testng.CucumberFeatureWrapper)[pri:0, instance:com.TestRunner.RunTest@41d477ed]" started-at="2021-12-19T20:22:57 EST" name="feature" description="Runs Cucumber Feature" data-provider="features" finished-at="2021-12-19T20:23:01 EST" duration-ms="4429" status="PASS">
          <params>
            <param index="0">
              <value>
                <![CDATA[Gaming PC Deals]]>
              </value>
            </param>
          </params>
          <reporter-output>
          </reporter-output>
        </test-method> <!-- feature -->
        <test-method signature="feature(cucumber.api.testng.CucumberFeatureWrapper)[pri:0, instance:com.TestRunner.RunTest@41d477ed]" started-at="2021-12-19T20:23:01 EST" name="feature" description="Runs Cucumber Feature" data-provider="features" finished-at="2021-12-19T20:23:04 EST" duration-ms="2705" status="PASS">
          <params>
            <param index="0">
              <value>
                <![CDATA[Order Support]]>
              </value>
            </param>
          </params>
          <reporter-output>
          </reporter-output>
        </test-method> <!-- feature -->
        <test-method signature="feature(cucumber.api.testng.CucumberFeatureWrapper)[pri:0, instance:com.TestRunner.RunTest@41d477ed]" started-at="2021-12-19T20:23:04 EST" name="feature" description="Runs Cucumber Feature" data-provider="features" finished-at="2021-12-19T20:23:10 EST" duration-ms="5478" status="PASS">
          <params>
            <param index="0">
              <value>
                <![CDATA[Dell Signin]]>
              </value>
            </param>
          </params>
          <reporter-output>
          </reporter-output>
        </test-method> <!-- feature -->
        <test-method is-config="true" signature="tearDownClass()[pri:0, instance:com.TestRunner.RunTest@41d477ed]" started-at="2021-12-19T20:23:10 EST" name="tearDownClass" finished-at="2021-12-19T20:23:10 EST" duration-ms="9" status="PASS">
          <reporter-output>
          </reporter-output>
        </test-method> <!-- tearDownClass -->
        <test-method is-config="true" signature="closeURL()[pri:0, instance:com.TestRunner.RunTest@41d477ed]" started-at="2021-12-19T20:23:10 EST" name="closeURL" finished-at="2021-12-19T20:23:14 EST" duration-ms="4341" status="PASS">
          <reporter-output>
          </reporter-output>
        </test-method> <!-- closeURL -->
      </class> <!-- com.TestRunner.RunTest -->
    </test> <!-- Surefire test -->
  </suite> <!-- Surefire suite -->
</testng-results>
