<?xml version="1.0" encoding="UTF-8"?>
<testng-results ignored="0" total="3" passed="3" failed="0" skipped="0">
  <reporter-output>
  </reporter-output>
  <suite started-at="2021-12-15T12:27:44 EST" name="Default suite" finished-at="2021-12-15T12:27:53 EST" duration-ms="9095">
    <groups>
      <group name="cucumber">
        <method signature="AbstractTestNGCucumberTests.feature(cucumber.api.testng.CucumberFeatureWrapper)[pri:0, instance:com.TestRunner.RunTest@59af0466]" name="feature" class="cucumber.api.testng.AbstractTestNGCucumberTests"/>
      </group> <!-- cucumber -->
    </groups>
    <test started-at="2021-12-15T12:27:44 EST" name="Default test" finished-at="2021-12-15T12:27:53 EST" duration-ms="9095">
      <class name="com.TestRunner.RunTest">
        <test-method is-config="true" signature="lauchURL()[pri:0, instance:com.TestRunner.RunTest@59af0466]" started-at="2021-12-15T12:27:44 EST" name="lauchURL" finished-at="2021-12-15T12:27:46 EST" duration-ms="1634" status="PASS">
          <reporter-output>
          </reporter-output>
        </test-method> <!-- lauchURL -->
        <test-method is-config="true" signature="setUpClass()[pri:0, instance:com.TestRunner.RunTest@59af0466]" started-at="2021-12-15T12:27:46 EST" name="setUpClass" finished-at="2021-12-15T12:27:46 EST" duration-ms="94" status="PASS">
          <reporter-output>
          </reporter-output>
        </test-method> <!-- setUpClass -->
        <test-method signature="feature(cucumber.api.testng.CucumberFeatureWrapper)[pri:0, instance:com.TestRunner.RunTest@59af0466]" started-at="2021-12-15T12:27:46 EST" name="feature" description="Runs Cucumber Feature" data-provider="features" finished-at="2021-12-15T12:27:48 EST" duration-ms="2071" status="PASS">
          <params>
            <param index="0">
              <value>
                <![CDATA[Contact Us]]>
              </value>
            </param>
          </params>
          <reporter-output>
          </reporter-output>
        </test-method> <!-- feature -->
        <test-method signature="feature(cucumber.api.testng.CucumberFeatureWrapper)[pri:0, instance:com.TestRunner.RunTest@59af0466]" started-at="2021-12-15T12:27:48 EST" name="feature" description="Runs Cucumber Feature" data-provider="features" finished-at="2021-12-15T12:27:51 EST" duration-ms="3119" status="PASS">
          <params>
            <param index="0">
              <value>
                <![CDATA[Gaming PC Deals]]>
              </value>
            </param>
          </params>
          <reporter-output>
          </reporter-output>
        </test-method> <!-- feature -->
        <test-method signature="feature(cucumber.api.testng.CucumberFeatureWrapper)[pri:0, instance:com.TestRunner.RunTest@59af0466]" started-at="2021-12-15T12:27:51 EST" name="feature" description="Runs Cucumber Feature" data-provider="features" finished-at="2021-12-15T12:27:53 EST" duration-ms="2029" status="PASS">
          <params>
            <param index="0">
              <value>
                <![CDATA[Order Support]]>
              </value>
            </param>
          </params>
          <reporter-output>
          </reporter-output>
        </test-method> <!-- feature -->
        <test-method is-config="true" signature="tearDownClass()[pri:0, instance:com.TestRunner.RunTest@59af0466]" started-at="2021-12-15T12:27:53 EST" name="tearDownClass" finished-at="2021-12-15T12:27:53 EST" duration-ms="12" status="PASS">
          <reporter-output>
          </reporter-output>
        </test-method> <!-- tearDownClass -->
        <test-method is-config="true" signature="closeURL()[pri:0, instance:com.TestRunner.RunTest@59af0466]" started-at="2021-12-15T12:27:53 EST" name="closeURL" finished-at="2021-12-15T12:27:53 EST" duration-ms="69" status="PASS">
          <reporter-output>
          </reporter-output>
        </test-method> <!-- closeURL -->
      </class> <!-- com.TestRunner.RunTest -->
    </test> <!-- Default test -->
  </suite> <!-- Default suite -->
</testng-results>
